C:\USERS\JOSH\DOCUMENTS\VISUAL STUDIO 2012\PROJECTS\AS2_VS2012\CODE\DEBUG\AS2.OBJ
C:\USERS\JOSH\DOCUMENTS\VISUAL STUDIO 2012\PROJECTS\AS2_VS2012\CODE\DEBUG\VC110.PDB
C:\USERS\JOSH\DOCUMENTS\VISUAL STUDIO 2012\PROJECTS\AS2_VS2012\CODE\DEBUG\AS2.ILK
C:\USERS\JOSH\DOCUMENTS\VISUAL STUDIO 2012\PROJECTS\AS2_VS2012\CODE\DEBUG\AS2.EXE
C:\USERS\JOSH\DOCUMENTS\VISUAL STUDIO 2012\PROJECTS\AS2_VS2012\CODE\DEBUG\AS2.PDB
C:\Users\Josh\Documents\Visual Studio 2012\Projects\as3_vs2012\Debug\as2.obj
C:\Users\Josh\Documents\Visual Studio 2012\Projects\as3_vs2012\Debug\as2.ilk
C:\Users\Josh\Documents\Visual Studio 2012\Projects\as3_vs2012\Debug\cl.command.1.tlog
C:\Users\Josh\Documents\Visual Studio 2012\Projects\as3_vs2012\Debug\CL.read.1.tlog
C:\Users\Josh\Documents\Visual Studio 2012\Projects\as3_vs2012\Debug\CL.write.1.tlog
C:\Users\Josh\Documents\Visual Studio 2012\Projects\as3_vs2012\Debug\link-cvtres.read.1.tlog
C:\Users\Josh\Documents\Visual Studio 2012\Projects\as3_vs2012\Debug\link-cvtres.write.1.tlog
C:\Users\Josh\Documents\Visual Studio 2012\Projects\as3_vs2012\Debug\link-rc.read.1.tlog
C:\Users\Josh\Documents\Visual Studio 2012\Projects\as3_vs2012\Debug\link-rc.write.1.tlog
C:\Users\Josh\Documents\Visual Studio 2012\Projects\as3_vs2012\Debug\link.3584-cvtres.read.1.tlog
C:\Users\Josh\Documents\Visual Studio 2012\Projects\as3_vs2012\Debug\link.3584-cvtres.write.1.tlog
C:\Users\Josh\Documents\Visual Studio 2012\Projects\as3_vs2012\Debug\link.3584-rc.read.1.tlog
C:\Users\Josh\Documents\Visual Studio 2012\Projects\as3_vs2012\Debug\link.3584-rc.write.1.tlog
C:\Users\Josh\Documents\Visual Studio 2012\Projects\as3_vs2012\Debug\link.3584.read.1.tlog
C:\Users\Josh\Documents\Visual Studio 2012\Projects\as3_vs2012\Debug\link.3584.write.1.tlog
C:\Users\Josh\Documents\Visual Studio 2012\Projects\as3_vs2012\Debug\link.4220-cvtres.read.1.tlog
C:\Users\Josh\Documents\Visual Studio 2012\Projects\as3_vs2012\Debug\link.4220-cvtres.write.1.tlog
C:\Users\Josh\Documents\Visual Studio 2012\Projects\as3_vs2012\Debug\link.4220-rc.read.1.tlog
C:\Users\Josh\Documents\Visual Studio 2012\Projects\as3_vs2012\Debug\link.4220-rc.write.1.tlog
C:\Users\Josh\Documents\Visual Studio 2012\Projects\as3_vs2012\Debug\link.4220.read.1.tlog
C:\Users\Josh\Documents\Visual Studio 2012\Projects\as3_vs2012\Debug\link.4220.write.1.tlog
C:\Users\Josh\Documents\Visual Studio 2012\Projects\as3_vs2012\Debug\link.6680-cvtres.read.1.tlog
C:\Users\Josh\Documents\Visual Studio 2012\Projects\as3_vs2012\Debug\link.6680-cvtres.write.1.tlog
C:\Users\Josh\Documents\Visual Studio 2012\Projects\as3_vs2012\Debug\link.6680-rc.read.1.tlog
C:\Users\Josh\Documents\Visual Studio 2012\Projects\as3_vs2012\Debug\link.6680-rc.write.1.tlog
C:\Users\Josh\Documents\Visual Studio 2012\Projects\as3_vs2012\Debug\link.6680.read.1.tlog
C:\Users\Josh\Documents\Visual Studio 2012\Projects\as3_vs2012\Debug\link.6680.write.1.tlog
C:\Users\Josh\Documents\Visual Studio 2012\Projects\as3_vs2012\Debug\link.8980-cvtres.read.1.tlog
C:\Users\Josh\Documents\Visual Studio 2012\Projects\as3_vs2012\Debug\link.8980-cvtres.write.1.tlog
C:\Users\Josh\Documents\Visual Studio 2012\Projects\as3_vs2012\Debug\link.8980-rc.read.1.tlog
C:\Users\Josh\Documents\Visual Studio 2012\Projects\as3_vs2012\Debug\link.8980-rc.write.1.tlog
C:\Users\Josh\Documents\Visual Studio 2012\Projects\as3_vs2012\Debug\link.8980.read.1.tlog
C:\Users\Josh\Documents\Visual Studio 2012\Projects\as3_vs2012\Debug\link.8980.write.1.tlog
C:\Users\Josh\Documents\Visual Studio 2012\Projects\as3_vs2012\Debug\link.command.1.tlog
C:\Users\Josh\Documents\Visual Studio 2012\Projects\as3_vs2012\Debug\link.read.1.tlog
C:\Users\Josh\Documents\Visual Studio 2012\Projects\as3_vs2012\Debug\link.write.1.tlog
C:\Users\Josh\Documents\Visual Studio 2012\Projects\as3_vs2012\Debug\vc110.idb
C:\Users\Josh\Documents\Visual Studio 2012\Projects\as3_vs2012\Debug\as2.pdb
C:\Users\Josh\Documents\Visual Studio 2012\Projects\as3_vs2012\Debug\vc110.pdb
